[ 2015-05-31T00:30:08+08:00 ] 192.168.56.1 /
INFO: [ app_init ] --START--
INFO: Run Behavior\BuildLiteBehavior [ RunTime:0.000020s ]
INFO: [ app_init ] --END-- [ RunTime:0.000997s ]
INFO: [ app_begin ] --START--
INFO: Run Behavior\ReadHtmlCacheBehavior [ RunTime:0.003385s ]
INFO: [ app_begin ] --END-- [ RunTime:0.003609s ]
NOTIC: [2048] Declaration of Think\Model\MongoModel::setInc() should be compatible with Think\Model::setInc($field, $step = 1, $lazyTime = 0) /home/work/code/jingjixueren/ThinkPHP/Library/Think/Model/MongoModel.class.php 第 17 行.
NOTIC: [2048] Declaration of Think\Model\MongoModel::setDec() should be compatible with Think\Model::setDec($field, $step = 1, $lazyTime = 0) /home/work/code/jingjixueren/ThinkPHP/Library/Think/Model/MongoModel.class.php 第 17 行.
NOTIC: [2048] Declaration of Think\Db\Driver\Mongo::connect() should be compatible with Think\Db\Driver::connect($config = '', $linkNum = 0, $autoConnection = false) /home/work/code/jingjixueren/ThinkPHP/Library/Think/Db/Driver/Mongo.class.php 第 18 行.
NOTIC: [2048] Declaration of Think\Db\Driver\Mongo::insertAll() should be compatible with Think\Db\Driver::insertAll($dataSet, $options = Array, $replace = false) /home/work/code/jingjixueren/ThinkPHP/Library/Think/Db/Driver/Mongo.class.php 第 18 行.
SQL: jingjixueren.getCollection(jingjixueren) [ RunTime:0.0001s ]
SQL: jingjixueren.jingjixueren.count() [ RunTime:0.0149s ]
SQL: jingjixueren.jingjixueren.find({}).sort({"time":-1}).limit(6) [ RunTime:0.0531s ]
INFO: [ view_parse ] --START--
INFO: [ template_filter ] --START--
INFO: Run Behavior\ContentReplaceBehavior [ RunTime:0.000137s ]
INFO: [ template_filter ] --END-- [ RunTime:0.000288s ]
INFO: Run Behavior\ParseTemplateBehavior [ RunTime:0.102446s ]
INFO: [ view_parse ] --END-- [ RunTime:0.103213s ]
INFO: [ view_filter ] --START--
INFO: Run Behavior\WriteHtmlCacheBehavior [ RunTime:0.005776s ]
INFO: [ view_filter ] --END-- [ RunTime:0.005875s ]
INFO: [ app_end ] --START--
INFO: Run Behavior\ShowPageTraceBehavior [ RunTime:0.019694s ]
INFO: [ app_end ] --END-- [ RunTime:0.019769s ]

[ 2015-05-31T00:31:20+08:00 ] 192.168.56.1 /
INFO: [ app_init ] --START--
INFO: Run Behavior\BuildLiteBehavior [ RunTime:0.000030s ]
INFO: [ app_init ] --END-- [ RunTime:0.001151s ]
INFO: [ app_begin ] --START--
INFO: Run Behavior\ReadHtmlCacheBehavior [ RunTime:0.001814s ]
INFO: [ app_begin ] --END-- [ RunTime:0.001959s ]
NOTIC: [2048] Declaration of Think\Model\MongoModel::setInc() should be compatible with Think\Model::setInc($field, $step = 1, $lazyTime = 0) /home/work/code/jingjixueren/ThinkPHP/Library/Think/Model/MongoModel.class.php 第 17 行.
NOTIC: [2048] Declaration of Think\Model\MongoModel::setDec() should be compatible with Think\Model::setDec($field, $step = 1, $lazyTime = 0) /home/work/code/jingjixueren/ThinkPHP/Library/Think/Model/MongoModel.class.php 第 17 行.
NOTIC: [2048] Declaration of Think\Db\Driver\Mongo::connect() should be compatible with Think\Db\Driver::connect($config = '', $linkNum = 0, $autoConnection = false) /home/work/code/jingjixueren/ThinkPHP/Library/Think/Db/Driver/Mongo.class.php 第 18 行.
NOTIC: [2048] Declaration of Think\Db\Driver\Mongo::insertAll() should be compatible with Think\Db\Driver::insertAll($dataSet, $options = Array, $replace = false) /home/work/code/jingjixueren/ThinkPHP/Library/Think/Db/Driver/Mongo.class.php 第 18 行.
SQL: jingjixueren.getCollection(jingjixueren) [ RunTime:0.0000s ]
SQL: jingjixueren.jingjixueren.count() [ RunTime:0.0002s ]
SQL: jingjixueren.jingjixueren.find({}).sort({"time":-1}).limit(6) [ RunTime:0.0000s ]
INFO: [ view_parse ] --START--
INFO: [ template_filter ] --START--
INFO: Run Behavior\ContentReplaceBehavior [ RunTime:0.000077s ]
INFO: [ template_filter ] --END-- [ RunTime:0.000132s ]
INFO: Run Behavior\ParseTemplateBehavior [ RunTime:0.005831s ]
INFO: [ view_parse ] --END-- [ RunTime:0.005867s ]
INFO: [ view_filter ] --START--
INFO: Run Behavior\WriteHtmlCacheBehavior [ RunTime:0.000078s ]
INFO: [ view_filter ] --END-- [ RunTime:0.000097s ]
INFO: [ app_end ] --START--
INFO: Run Behavior\ShowPageTraceBehavior [ RunTime:0.000230s ]
INFO: [ app_end ] --END-- [ RunTime:0.000255s ]

[ 2015-05-31T07:46:50+08:00 ] 192.168.56.1 /
INFO: [ app_init ] --START--
INFO: Run Behavior\BuildLiteBehavior [ RunTime:0.000074s ]
INFO: [ app_init ] --END-- [ RunTime:0.021308s ]
INFO: [ app_begin ] --START--
INFO: Run Behavior\ReadHtmlCacheBehavior [ RunTime:0.001280s ]
INFO: [ app_begin ] --END-- [ RunTime:0.001438s ]
NOTIC: [2048] Declaration of Think\Model\MongoModel::setInc() should be compatible with Think\Model::setInc($field, $step = 1, $lazyTime = 0) /home/work/code/wenbenSystem/ThinkPHP/Library/Think/Model/MongoModel.class.php 第 17 行.
NOTIC: [2048] Declaration of Think\Model\MongoModel::setDec() should be compatible with Think\Model::setDec($field, $step = 1, $lazyTime = 0) /home/work/code/wenbenSystem/ThinkPHP/Library/Think/Model/MongoModel.class.php 第 17 行.
NOTIC: [2048] Declaration of Think\Db\Driver\Mongo::connect() should be compatible with Think\Db\Driver::connect($config = '', $linkNum = 0, $autoConnection = false) /home/work/code/wenbenSystem/ThinkPHP/Library/Think/Db/Driver/Mongo.class.php 第 18 行.
NOTIC: [2048] Declaration of Think\Db\Driver\Mongo::insertAll() should be compatible with Think\Db\Driver::insertAll($dataSet, $options = Array, $replace = false) /home/work/code/wenbenSystem/ThinkPHP/Library/Think/Db/Driver/Mongo.class.php 第 18 行.
SQL: jingjixueren.getCollection(jingjixueren) [ RunTime:0.0000s ]
SQL: jingjixueren.jingjixueren.count() [ RunTime:0.0202s ]
SQL: jingjixueren.jingjixueren.find({}).sort({"time":-1}).limit(6) [ RunTime:0.0001s ]
INFO: [ view_parse ] --START--
INFO: [ template_filter ] --START--
INFO: Run Behavior\ContentReplaceBehavior [ RunTime:0.000143s ]
INFO: [ template_filter ] --END-- [ RunTime:0.000311s ]
INFO: Run Behavior\ParseTemplateBehavior [ RunTime:0.057091s ]
INFO: [ view_parse ] --END-- [ RunTime:0.057222s ]
INFO: [ view_filter ] --START--
INFO: Run Behavior\WriteHtmlCacheBehavior [ RunTime:0.016214s ]
INFO: [ view_filter ] --END-- [ RunTime:0.016328s ]
INFO: [ app_end ] --START--
INFO: Run Behavior\ShowPageTraceBehavior [ RunTime:0.005272s ]
INFO: [ app_end ] --END-- [ RunTime:0.005410s ]

