[ 2015-05-30T18:54:28+08:00 ] 192.168.56.1 /
INFO: [ app_init ] --START--
INFO: Run Behavior\BuildLiteBehavior [ RunTime:0.000061s ]
INFO: [ app_init ] --END-- [ RunTime:0.002246s ]
INFO: [ app_begin ] --START--
INFO: Run Behavior\ReadHtmlCacheBehavior [ RunTime:0.002245s ]
INFO: [ app_begin ] --END-- [ RunTime:0.002465s ]
NOTIC: [2048] Declaration of Think\Model\MongoModel::setInc() should be compatible with Think\Model::setInc($field, $step = 1, $lazyTime = 0) /home/work/code/jingjixueren/ThinkPHP/Library/Think/Model/MongoModel.class.php 第 17 行.
NOTIC: [2048] Declaration of Think\Model\MongoModel::setDec() should be compatible with Think\Model::setDec($field, $step = 1, $lazyTime = 0) /home/work/code/jingjixueren/ThinkPHP/Library/Think/Model/MongoModel.class.php 第 17 行.
NOTIC: [2048] Declaration of Think\Db\Driver\Mongo::connect() should be compatible with Think\Db\Driver::connect($config = '', $linkNum = 0, $autoConnection = false) /home/work/code/jingjixueren/ThinkPHP/Library/Think/Db/Driver/Mongo.class.php 第 18 行.
NOTIC: [2048] Declaration of Think\Db\Driver\Mongo::insertAll() should be compatible with Think\Db\Driver::insertAll($dataSet, $options = Array, $replace = false) /home/work/code/jingjixueren/ThinkPHP/Library/Think/Db/Driver/Mongo.class.php 第 18 行.
SQL: jingjixueren.getCollection(jingjixueren) [ RunTime:0.0001s ]
SQL: jingjixueren.jingjixueren.count() [ RunTime:0.0009s ]
SQL: jingjixueren.jingjixueren.find({}).sort({"time":-1}).limit(6) [ RunTime:0.0001s ]
INFO: [ view_parse ] --START--
INFO: [ template_filter ] --START--
INFO: Run Behavior\ContentReplaceBehavior [ RunTime:0.000247s ]
INFO: [ template_filter ] --END-- [ RunTime:0.000736s ]
INFO: Run Behavior\ParseTemplateBehavior [ RunTime:0.227102s ]
INFO: [ view_parse ] --END-- [ RunTime:0.228026s ]
INFO: [ view_filter ] --START--
INFO: Run Behavior\WriteHtmlCacheBehavior [ RunTime:0.064354s ]
INFO: [ view_filter ] --END-- [ RunTime:0.064628s ]
INFO: [ app_end ] --START--
INFO: Run Behavior\ShowPageTraceBehavior [ RunTime:0.005395s ]
INFO: [ app_end ] --END-- [ RunTime:0.005582s ]

[ 2015-05-30T19:08:25+08:00 ] 192.168.56.1 /index.php/Home/Index/showpage/id/9c7aa8bc469880d2c9e72c09d42e0861
INFO: [ app_init ] --START--
INFO: Run Behavior\BuildLiteBehavior [ RunTime:0.000062s ]
INFO: [ app_init ] --END-- [ RunTime:0.002517s ]
INFO: [ app_begin ] --START--
INFO: Run Behavior\ReadHtmlCacheBehavior [ RunTime:0.008032s ]
INFO: [ app_begin ] --END-- [ RunTime:0.008300s ]
NOTIC: [2048] Declaration of Think\Model\MongoModel::setInc() should be compatible with Think\Model::setInc($field, $step = 1, $lazyTime = 0) /home/work/code/jingjixueren/ThinkPHP/Library/Think/Model/MongoModel.class.php 第 17 行.
NOTIC: [2048] Declaration of Think\Model\MongoModel::setDec() should be compatible with Think\Model::setDec($field, $step = 1, $lazyTime = 0) /home/work/code/jingjixueren/ThinkPHP/Library/Think/Model/MongoModel.class.php 第 17 行.
NOTIC: [2048] Declaration of Think\Db\Driver\Mongo::connect() should be compatible with Think\Db\Driver::connect($config = '', $linkNum = 0, $autoConnection = false) /home/work/code/jingjixueren/ThinkPHP/Library/Think/Db/Driver/Mongo.class.php 第 18 行.
NOTIC: [2048] Declaration of Think\Db\Driver\Mongo::insertAll() should be compatible with Think\Db\Driver::insertAll($dataSet, $options = Array, $replace = false) /home/work/code/jingjixueren/ThinkPHP/Library/Think/Db/Driver/Mongo.class.php 第 18 行.
SQL: jingjixueren.getCollection(jingjixueren) [ RunTime:0.0003s ]
SQL: jingjixueren.jingjixueren.find({"file_id":"9c7aa8bc469880d2c9e72c09d42e0861"}).limit(1) [ RunTime:0.0001s ]
INFO: [ view_parse ] --START--
INFO: [ template_filter ] --START--
INFO: Run Behavior\ContentReplaceBehavior [ RunTime:0.000156s ]
INFO: [ template_filter ] --END-- [ RunTime:0.000365s ]
INFO: Run Behavior\ParseTemplateBehavior [ RunTime:0.092380s ]
INFO: [ view_parse ] --END-- [ RunTime:0.092708s ]
INFO: [ view_filter ] --START--
INFO: Run Behavior\WriteHtmlCacheBehavior [ RunTime:0.001494s ]
INFO: [ view_filter ] --END-- [ RunTime:0.001819s ]
INFO: [ app_end ] --START--
INFO: Run Behavior\ShowPageTraceBehavior [ RunTime:0.005133s ]
INFO: [ app_end ] --END-- [ RunTime:0.005367s ]

[ 2015-05-30T19:22:27+08:00 ] 192.168.56.1 /
INFO: [ app_init ] --START--
INFO: Run Behavior\BuildLiteBehavior [ RunTime:0.000074s ]
INFO: [ app_init ] --END-- [ RunTime:0.002685s ]
INFO: [ app_begin ] --START--
INFO: Run Behavior\ReadHtmlCacheBehavior [ RunTime:0.003290s ]
INFO: [ app_begin ] --END-- [ RunTime:0.003642s ]
NOTIC: [2048] Declaration of Think\Model\MongoModel::setInc() should be compatible with Think\Model::setInc($field, $step = 1, $lazyTime = 0) /home/work/code/jingjixueren/ThinkPHP/Library/Think/Model/MongoModel.class.php 第 17 行.
NOTIC: [2048] Declaration of Think\Model\MongoModel::setDec() should be compatible with Think\Model::setDec($field, $step = 1, $lazyTime = 0) /home/work/code/jingjixueren/ThinkPHP/Library/Think/Model/MongoModel.class.php 第 17 行.
NOTIC: [2048] Declaration of Think\Db\Driver\Mongo::connect() should be compatible with Think\Db\Driver::connect($config = '', $linkNum = 0, $autoConnection = false) /home/work/code/jingjixueren/ThinkPHP/Library/Think/Db/Driver/Mongo.class.php 第 18 行.
NOTIC: [2048] Declaration of Think\Db\Driver\Mongo::insertAll() should be compatible with Think\Db\Driver::insertAll($dataSet, $options = Array, $replace = false) /home/work/code/jingjixueren/ThinkPHP/Library/Think/Db/Driver/Mongo.class.php 第 18 行.
SQL: jingjixueren.getCollection(jingjixueren) [ RunTime:0.0002s ]
SQL: jingjixueren.jingjixueren.count() [ RunTime:0.0941s ]
SQL: jingjixueren.jingjixueren.find({}).sort({"time":-1}).limit(6) [ RunTime:0.0004s ]
INFO: [ view_parse ] --START--
INFO: [ template_filter ] --START--
INFO: Run Behavior\ContentReplaceBehavior [ RunTime:0.000247s ]
INFO: [ template_filter ] --END-- [ RunTime:0.000705s ]
INFO: Run Behavior\ParseTemplateBehavior [ RunTime:0.404836s ]
INFO: [ view_parse ] --END-- [ RunTime:0.405683s ]
INFO: [ view_filter ] --START--
INFO: Run Behavior\WriteHtmlCacheBehavior [ RunTime:0.046462s ]
INFO: [ view_filter ] --END-- [ RunTime:0.046754s ]
INFO: [ app_end ] --START--
INFO: Run Behavior\ShowPageTraceBehavior [ RunTime:0.060104s ]
INFO: [ app_end ] --END-- [ RunTime:0.060428s ]

[ 2015-05-30T19:23:49+08:00 ] 192.168.56.1 /
INFO: [ app_init ] --START--
INFO: Run Behavior\BuildLiteBehavior [ RunTime:0.000110s ]
INFO: [ app_init ] --END-- [ RunTime:0.001878s ]
INFO: [ app_begin ] --START--
INFO: Run Behavior\ReadHtmlCacheBehavior [ RunTime:0.002677s ]
INFO: [ app_begin ] --END-- [ RunTime:0.002891s ]
NOTIC: [2048] Declaration of Think\Model\MongoModel::setInc() should be compatible with Think\Model::setInc($field, $step = 1, $lazyTime = 0) /home/work/code/jingjixueren/ThinkPHP/Library/Think/Model/MongoModel.class.php 第 17 行.
NOTIC: [2048] Declaration of Think\Model\MongoModel::setDec() should be compatible with Think\Model::setDec($field, $step = 1, $lazyTime = 0) /home/work/code/jingjixueren/ThinkPHP/Library/Think/Model/MongoModel.class.php 第 17 行.
NOTIC: [2048] Declaration of Think\Db\Driver\Mongo::connect() should be compatible with Think\Db\Driver::connect($config = '', $linkNum = 0, $autoConnection = false) /home/work/code/jingjixueren/ThinkPHP/Library/Think/Db/Driver/Mongo.class.php 第 18 行.
NOTIC: [2048] Declaration of Think\Db\Driver\Mongo::insertAll() should be compatible with Think\Db\Driver::insertAll($dataSet, $options = Array, $replace = false) /home/work/code/jingjixueren/ThinkPHP/Library/Think/Db/Driver/Mongo.class.php 第 18 行.
SQL: jingjixueren.getCollection(jingjixueren) [ RunTime:0.0003s ]
SQL: jingjixueren.jingjixueren.count() [ RunTime:0.0009s ]
SQL: jingjixueren.jingjixueren.find({}).sort({"time":-1}).limit(6) [ RunTime:0.0003s ]
INFO: [ view_parse ] --START--
INFO: [ template_filter ] --START--
INFO: Run Behavior\ContentReplaceBehavior [ RunTime:0.000234s ]
INFO: [ template_filter ] --END-- [ RunTime:0.000480s ]
INFO: Run Behavior\ParseTemplateBehavior [ RunTime:0.111532s ]
INFO: [ view_parse ] --END-- [ RunTime:0.111763s ]
INFO: [ view_filter ] --START--
INFO: Run Behavior\WriteHtmlCacheBehavior [ RunTime:0.013531s ]
INFO: [ view_filter ] --END-- [ RunTime:0.013792s ]
INFO: [ app_end ] --START--
INFO: Run Behavior\ShowPageTraceBehavior [ RunTime:0.008451s ]
INFO: [ app_end ] --END-- [ RunTime:0.008695s ]

[ 2015-05-30T19:24:12+08:00 ] 192.168.56.1 /
INFO: [ app_init ] --START--
INFO: Run Behavior\BuildLiteBehavior [ RunTime:0.000070s ]
INFO: [ app_init ] --END-- [ RunTime:0.002832s ]
INFO: [ app_begin ] --START--
INFO: Run Behavior\ReadHtmlCacheBehavior [ RunTime:0.002478s ]
INFO: [ app_begin ] --END-- [ RunTime:0.002642s ]
NOTIC: [2048] Declaration of Think\Model\MongoModel::setInc() should be compatible with Think\Model::setInc($field, $step = 1, $lazyTime = 0) /home/work/code/jingjixueren/ThinkPHP/Library/Think/Model/MongoModel.class.php 第 17 行.
NOTIC: [2048] Declaration of Think\Model\MongoModel::setDec() should be compatible with Think\Model::setDec($field, $step = 1, $lazyTime = 0) /home/work/code/jingjixueren/ThinkPHP/Library/Think/Model/MongoModel.class.php 第 17 行.
NOTIC: [2048] Declaration of Think\Db\Driver\Mongo::connect() should be compatible with Think\Db\Driver::connect($config = '', $linkNum = 0, $autoConnection = false) /home/work/code/jingjixueren/ThinkPHP/Library/Think/Db/Driver/Mongo.class.php 第 18 行.
NOTIC: [2048] Declaration of Think\Db\Driver\Mongo::insertAll() should be compatible with Think\Db\Driver::insertAll($dataSet, $options = Array, $replace = false) /home/work/code/jingjixueren/ThinkPHP/Library/Think/Db/Driver/Mongo.class.php 第 18 行.
SQL: jingjixueren.getCollection(jingjixueren) [ RunTime:0.0001s ]
SQL: jingjixueren.jingjixueren.count() [ RunTime:0.0266s ]
SQL: jingjixueren.jingjixueren.find({}).sort({"time":-1}).limit(6) [ RunTime:0.0001s ]
INFO: [ view_parse ] --START--
INFO: [ template_filter ] --START--
INFO: Run Behavior\ContentReplaceBehavior [ RunTime:0.000216s ]
INFO: [ template_filter ] --END-- [ RunTime:0.000456s ]
INFO: Run Behavior\ParseTemplateBehavior [ RunTime:0.024570s ]
INFO: [ view_parse ] --END-- [ RunTime:0.025912s ]
INFO: [ view_filter ] --START--
INFO: Run Behavior\WriteHtmlCacheBehavior [ RunTime:0.000448s ]
INFO: [ view_filter ] --END-- [ RunTime:0.000684s ]
INFO: [ app_end ] --START--
INFO: Run Behavior\ShowPageTraceBehavior [ RunTime:0.001677s ]
INFO: [ app_end ] --END-- [ RunTime:0.001829s ]

[ 2015-05-30T19:27:00+08:00 ] 192.168.56.1 /
INFO: [ app_init ] --START--
INFO: Run Behavior\BuildLiteBehavior [ RunTime:0.000107s ]
INFO: [ app_init ] --END-- [ RunTime:0.002378s ]
INFO: [ app_begin ] --START--
INFO: Run Behavior\ReadHtmlCacheBehavior [ RunTime:0.005736s ]
INFO: [ app_begin ] --END-- [ RunTime:0.007568s ]
NOTIC: [2048] Declaration of Think\Model\MongoModel::setInc() should be compatible with Think\Model::setInc($field, $step = 1, $lazyTime = 0) /home/work/code/jingjixueren/ThinkPHP/Library/Think/Model/MongoModel.class.php 第 17 行.
NOTIC: [2048] Declaration of Think\Model\MongoModel::setDec() should be compatible with Think\Model::setDec($field, $step = 1, $lazyTime = 0) /home/work/code/jingjixueren/ThinkPHP/Library/Think/Model/MongoModel.class.php 第 17 行.
NOTIC: [2048] Declaration of Think\Db\Driver\Mongo::connect() should be compatible with Think\Db\Driver::connect($config = '', $linkNum = 0, $autoConnection = false) /home/work/code/jingjixueren/ThinkPHP/Library/Think/Db/Driver/Mongo.class.php 第 18 行.
NOTIC: [2048] Declaration of Think\Db\Driver\Mongo::insertAll() should be compatible with Think\Db\Driver::insertAll($dataSet, $options = Array, $replace = false) /home/work/code/jingjixueren/ThinkPHP/Library/Think/Db/Driver/Mongo.class.php 第 18 行.
SQL: jingjixueren.getCollection(jingjixueren) [ RunTime:0.0014s ]
SQL: jingjixueren.jingjixueren.count() [ RunTime:0.0501s ]
SQL: jingjixueren.jingjixueren.find({}).sort({"time":-1}).limit(6) [ RunTime:0.0002s ]
INFO: [ view_parse ] --START--
INFO: [ template_filter ] --START--
INFO: Run Behavior\ContentReplaceBehavior [ RunTime:0.000297s ]
INFO: [ template_filter ] --END-- [ RunTime:0.007543s ]
INFO: Run Behavior\ParseTemplateBehavior [ RunTime:0.085118s ]
INFO: [ view_parse ] --END-- [ RunTime:0.085453s ]
INFO: [ view_filter ] --START--
INFO: Run Behavior\WriteHtmlCacheBehavior [ RunTime:0.011402s ]
INFO: [ view_filter ] --END-- [ RunTime:0.011658s ]
INFO: [ app_end ] --START--
INFO: Run Behavior\ShowPageTraceBehavior [ RunTime:0.008267s ]
INFO: [ app_end ] --END-- [ RunTime:0.008424s ]

[ 2015-05-30T19:29:05+08:00 ] 192.168.56.1 /
INFO: [ app_init ] --START--
INFO: Run Behavior\BuildLiteBehavior [ RunTime:0.000474s ]
INFO: [ app_init ] --END-- [ RunTime:0.002920s ]
INFO: [ app_begin ] --START--
INFO: Run Behavior\ReadHtmlCacheBehavior [ RunTime:0.002019s ]
INFO: [ app_begin ] --END-- [ RunTime:0.002207s ]
NOTIC: [2048] Declaration of Think\Model\MongoModel::setInc() should be compatible with Think\Model::setInc($field, $step = 1, $lazyTime = 0) /home/work/code/jingjixueren/ThinkPHP/Library/Think/Model/MongoModel.class.php 第 17 行.
NOTIC: [2048] Declaration of Think\Model\MongoModel::setDec() should be compatible with Think\Model::setDec($field, $step = 1, $lazyTime = 0) /home/work/code/jingjixueren/ThinkPHP/Library/Think/Model/MongoModel.class.php 第 17 行.
NOTIC: [2048] Declaration of Think\Db\Driver\Mongo::connect() should be compatible with Think\Db\Driver::connect($config = '', $linkNum = 0, $autoConnection = false) /home/work/code/jingjixueren/ThinkPHP/Library/Think/Db/Driver/Mongo.class.php 第 18 行.
NOTIC: [2048] Declaration of Think\Db\Driver\Mongo::insertAll() should be compatible with Think\Db\Driver::insertAll($dataSet, $options = Array, $replace = false) /home/work/code/jingjixueren/ThinkPHP/Library/Think/Db/Driver/Mongo.class.php 第 18 行.
SQL: jingjixueren.getCollection(jingjixueren) [ RunTime:0.0001s ]
SQL: jingjixueren.jingjixueren.count() [ RunTime:0.0539s ]
SQL: jingjixueren.jingjixueren.find({}).sort({"time":-1}).limit(6) [ RunTime:0.0002s ]
INFO: [ view_parse ] --START--
INFO: [ template_filter ] --START--
INFO: Run Behavior\ContentReplaceBehavior [ RunTime:0.000559s ]
INFO: [ template_filter ] --END-- [ RunTime:0.000877s ]
INFO: Run Behavior\ParseTemplateBehavior [ RunTime:0.390201s ]
INFO: [ view_parse ] --END-- [ RunTime:0.390614s ]
INFO: [ view_filter ] --START--
INFO: Run Behavior\WriteHtmlCacheBehavior [ RunTime:0.001998s ]
INFO: [ view_filter ] --END-- [ RunTime:0.002177s ]
INFO: [ app_end ] --START--
INFO: Run Behavior\ShowPageTraceBehavior [ RunTime:0.005782s ]
INFO: [ app_end ] --END-- [ RunTime:0.006013s ]

[ 2015-05-30T19:32:52+08:00 ] 192.168.56.1 /
INFO: [ app_init ] --START--
INFO: Run Behavior\BuildLiteBehavior [ RunTime:0.000175s ]
INFO: [ app_init ] --END-- [ RunTime:0.002415s ]
INFO: [ app_begin ] --START--
INFO: Run Behavior\ReadHtmlCacheBehavior [ RunTime:0.003204s ]
INFO: [ app_begin ] --END-- [ RunTime:0.003822s ]
NOTIC: [2048] Declaration of Think\Model\MongoModel::setInc() should be compatible with Think\Model::setInc($field, $step = 1, $lazyTime = 0) /home/work/code/jingjixueren/ThinkPHP/Library/Think/Model/MongoModel.class.php 第 17 行.
NOTIC: [2048] Declaration of Think\Model\MongoModel::setDec() should be compatible with Think\Model::setDec($field, $step = 1, $lazyTime = 0) /home/work/code/jingjixueren/ThinkPHP/Library/Think/Model/MongoModel.class.php 第 17 行.
NOTIC: [2048] Declaration of Think\Db\Driver\Mongo::connect() should be compatible with Think\Db\Driver::connect($config = '', $linkNum = 0, $autoConnection = false) /home/work/code/jingjixueren/ThinkPHP/Library/Think/Db/Driver/Mongo.class.php 第 18 行.
NOTIC: [2048] Declaration of Think\Db\Driver\Mongo::insertAll() should be compatible with Think\Db\Driver::insertAll($dataSet, $options = Array, $replace = false) /home/work/code/jingjixueren/ThinkPHP/Library/Think/Db/Driver/Mongo.class.php 第 18 行.
SQL: jingjixueren.getCollection(jingjixueren) [ RunTime:0.0001s ]
SQL: jingjixueren.jingjixueren.count() [ RunTime:0.0757s ]
SQL: jingjixueren.jingjixueren.find({}).sort({"time":-1}).limit(6) [ RunTime:0.0558s ]
INFO: [ view_parse ] --START--
INFO: [ template_filter ] --START--
INFO: Run Behavior\ContentReplaceBehavior [ RunTime:0.000479s ]
INFO: [ template_filter ] --END-- [ RunTime:0.007761s ]
INFO: Run Behavior\ParseTemplateBehavior [ RunTime:0.241394s ]
INFO: [ view_parse ] --END-- [ RunTime:0.242876s ]
INFO: [ view_filter ] --START--
INFO: Run Behavior\WriteHtmlCacheBehavior [ RunTime:0.016403s ]
INFO: [ view_filter ] --END-- [ RunTime:0.016721s ]
INFO: [ app_end ] --START--
INFO: Run Behavior\ShowPageTraceBehavior [ RunTime:0.006391s ]
INFO: [ app_end ] --END-- [ RunTime:0.006639s ]

[ 2015-05-30T19:34:04+08:00 ] 192.168.56.1 /
INFO: [ app_init ] --START--
INFO: Run Behavior\BuildLiteBehavior [ RunTime:0.000081s ]
INFO: [ app_init ] --END-- [ RunTime:0.002262s ]
INFO: [ app_begin ] --START--
INFO: Run Behavior\ReadHtmlCacheBehavior [ RunTime:0.001946s ]
INFO: [ app_begin ] --END-- [ RunTime:0.002121s ]
NOTIC: [2048] Declaration of Think\Model\MongoModel::setInc() should be compatible with Think\Model::setInc($field, $step = 1, $lazyTime = 0) /home/work/code/jingjixueren/ThinkPHP/Library/Think/Model/MongoModel.class.php 第 17 行.
NOTIC: [2048] Declaration of Think\Model\MongoModel::setDec() should be compatible with Think\Model::setDec($field, $step = 1, $lazyTime = 0) /home/work/code/jingjixueren/ThinkPHP/Library/Think/Model/MongoModel.class.php 第 17 行.
NOTIC: [2048] Declaration of Think\Db\Driver\Mongo::connect() should be compatible with Think\Db\Driver::connect($config = '', $linkNum = 0, $autoConnection = false) /home/work/code/jingjixueren/ThinkPHP/Library/Think/Db/Driver/Mongo.class.php 第 18 行.
NOTIC: [2048] Declaration of Think\Db\Driver\Mongo::insertAll() should be compatible with Think\Db\Driver::insertAll($dataSet, $options = Array, $replace = false) /home/work/code/jingjixueren/ThinkPHP/Library/Think/Db/Driver/Mongo.class.php 第 18 行.
SQL: jingjixueren.getCollection(jingjixueren) [ RunTime:0.0001s ]
SQL: jingjixueren.jingjixueren.count() [ RunTime:0.0413s ]
SQL: jingjixueren.jingjixueren.find({}).sort({"time":-1}).limit(6) [ RunTime:0.0002s ]
INFO: [ view_parse ] --START--
INFO: [ template_filter ] --START--
INFO: Run Behavior\ContentReplaceBehavior [ RunTime:0.000192s ]
INFO: [ template_filter ] --END-- [ RunTime:0.000356s ]
INFO: Run Behavior\ParseTemplateBehavior [ RunTime:0.177948s ]
INFO: [ view_parse ] --END-- [ RunTime:0.178300s ]
INFO: [ view_filter ] --START--
INFO: Run Behavior\WriteHtmlCacheBehavior [ RunTime:0.033871s ]
INFO: [ view_filter ] --END-- [ RunTime:0.034436s ]
INFO: [ app_end ] --START--
INFO: Run Behavior\ShowPageTraceBehavior [ RunTime:0.032637s ]
INFO: [ app_end ] --END-- [ RunTime:0.032891s ]

[ 2015-05-30T19:34:32+08:00 ] 192.168.56.1 /
INFO: [ app_init ] --START--
INFO: Run Behavior\BuildLiteBehavior [ RunTime:0.000126s ]
INFO: [ app_init ] --END-- [ RunTime:0.002471s ]
INFO: [ app_begin ] --START--
INFO: Run Behavior\ReadHtmlCacheBehavior [ RunTime:0.003641s ]
INFO: [ app_begin ] --END-- [ RunTime:0.003924s ]
NOTIC: [2048] Declaration of Think\Model\MongoModel::setInc() should be compatible with Think\Model::setInc($field, $step = 1, $lazyTime = 0) /home/work/code/jingjixueren/ThinkPHP/Library/Think/Model/MongoModel.class.php 第 17 行.
NOTIC: [2048] Declaration of Think\Model\MongoModel::setDec() should be compatible with Think\Model::setDec($field, $step = 1, $lazyTime = 0) /home/work/code/jingjixueren/ThinkPHP/Library/Think/Model/MongoModel.class.php 第 17 行.
NOTIC: [2048] Declaration of Think\Db\Driver\Mongo::connect() should be compatible with Think\Db\Driver::connect($config = '', $linkNum = 0, $autoConnection = false) /home/work/code/jingjixueren/ThinkPHP/Library/Think/Db/Driver/Mongo.class.php 第 18 行.
NOTIC: [2048] Declaration of Think\Db\Driver\Mongo::insertAll() should be compatible with Think\Db\Driver::insertAll($dataSet, $options = Array, $replace = false) /home/work/code/jingjixueren/ThinkPHP/Library/Think/Db/Driver/Mongo.class.php 第 18 行.
SQL: jingjixueren.getCollection(jingjixueren) [ RunTime:0.0002s ]
SQL: jingjixueren.jingjixueren.count() [ RunTime:0.0543s ]
SQL: jingjixueren.jingjixueren.find({}).sort({"time":-1}).limit(6) [ RunTime:0.0002s ]
INFO: [ view_parse ] --START--
INFO: [ template_filter ] --START--
INFO: Run Behavior\ContentReplaceBehavior [ RunTime:0.000308s ]
INFO: [ template_filter ] --END-- [ RunTime:0.000494s ]
INFO: Run Behavior\ParseTemplateBehavior [ RunTime:0.173113s ]
INFO: [ view_parse ] --END-- [ RunTime:0.173375s ]
INFO: [ view_filter ] --START--
INFO: Run Behavior\WriteHtmlCacheBehavior [ RunTime:0.010735s ]
INFO: [ view_filter ] --END-- [ RunTime:0.010899s ]
INFO: [ app_end ] --START--
INFO: Run Behavior\ShowPageTraceBehavior [ RunTime:0.010302s ]
INFO: [ app_end ] --END-- [ RunTime:0.010471s ]

[ 2015-05-30T19:34:41+08:00 ] 192.168.56.1 /
INFO: [ app_init ] --START--
INFO: Run Behavior\BuildLiteBehavior [ RunTime:0.000138s ]
INFO: [ app_init ] --END-- [ RunTime:0.002355s ]
INFO: [ app_begin ] --START--
INFO: Run Behavior\ReadHtmlCacheBehavior [ RunTime:0.001742s ]
INFO: [ app_begin ] --END-- [ RunTime:0.002008s ]
NOTIC: [2048] Declaration of Think\Model\MongoModel::setInc() should be compatible with Think\Model::setInc($field, $step = 1, $lazyTime = 0) /home/work/code/jingjixueren/ThinkPHP/Library/Think/Model/MongoModel.class.php 第 17 行.
NOTIC: [2048] Declaration of Think\Model\MongoModel::setDec() should be compatible with Think\Model::setDec($field, $step = 1, $lazyTime = 0) /home/work/code/jingjixueren/ThinkPHP/Library/Think/Model/MongoModel.class.php 第 17 行.
NOTIC: [2048] Declaration of Think\Db\Driver\Mongo::connect() should be compatible with Think\Db\Driver::connect($config = '', $linkNum = 0, $autoConnection = false) /home/work/code/jingjixueren/ThinkPHP/Library/Think/Db/Driver/Mongo.class.php 第 18 行.
NOTIC: [2048] Declaration of Think\Db\Driver\Mongo::insertAll() should be compatible with Think\Db\Driver::insertAll($dataSet, $options = Array, $replace = false) /home/work/code/jingjixueren/ThinkPHP/Library/Think/Db/Driver/Mongo.class.php 第 18 行.
SQL: jingjixueren.getCollection(jingjixueren) [ RunTime:0.0002s ]
SQL: jingjixueren.jingjixueren.count() [ RunTime:0.0309s ]
SQL: jingjixueren.jingjixueren.find({}).sort({"time":-1}).limit(6) [ RunTime:0.0001s ]
INFO: [ view_parse ] --START--
INFO: [ template_filter ] --START--
INFO: Run Behavior\ContentReplaceBehavior [ RunTime:0.000241s ]
INFO: [ template_filter ] --END-- [ RunTime:0.000527s ]
INFO: Run Behavior\ParseTemplateBehavior [ RunTime:0.065996s ]
INFO: [ view_parse ] --END-- [ RunTime:0.066171s ]
INFO: [ view_filter ] --START--
INFO: Run Behavior\WriteHtmlCacheBehavior [ RunTime:0.018854s ]
INFO: [ view_filter ] --END-- [ RunTime:0.019109s ]
INFO: [ app_end ] --START--
INFO: Run Behavior\ShowPageTraceBehavior [ RunTime:0.005005s ]
INFO: [ app_end ] --END-- [ RunTime:0.005254s ]

[ 2015-05-30T19:35:10+08:00 ] 192.168.56.1 /
INFO: [ app_init ] --START--
INFO: Run Behavior\BuildLiteBehavior [ RunTime:0.000065s ]
INFO: [ app_init ] --END-- [ RunTime:0.002061s ]
INFO: [ app_begin ] --START--
INFO: Run Behavior\ReadHtmlCacheBehavior [ RunTime:0.002899s ]
INFO: [ app_begin ] --END-- [ RunTime:0.003253s ]
NOTIC: [2048] Declaration of Think\Model\MongoModel::setInc() should be compatible with Think\Model::setInc($field, $step = 1, $lazyTime = 0) /home/work/code/jingjixueren/ThinkPHP/Library/Think/Model/MongoModel.class.php 第 17 行.
NOTIC: [2048] Declaration of Think\Model\MongoModel::setDec() should be compatible with Think\Model::setDec($field, $step = 1, $lazyTime = 0) /home/work/code/jingjixueren/ThinkPHP/Library/Think/Model/MongoModel.class.php 第 17 行.
NOTIC: [2048] Declaration of Think\Db\Driver\Mongo::connect() should be compatible with Think\Db\Driver::connect($config = '', $linkNum = 0, $autoConnection = false) /home/work/code/jingjixueren/ThinkPHP/Library/Think/Db/Driver/Mongo.class.php 第 18 行.
NOTIC: [2048] Declaration of Think\Db\Driver\Mongo::insertAll() should be compatible with Think\Db\Driver::insertAll($dataSet, $options = Array, $replace = false) /home/work/code/jingjixueren/ThinkPHP/Library/Think/Db/Driver/Mongo.class.php 第 18 行.
SQL: jingjixueren.getCollection(jingjixueren) [ RunTime:0.0001s ]
SQL: jingjixueren.jingjixueren.count() [ RunTime:0.0008s ]
SQL: jingjixueren.jingjixueren.find({}).sort({"time":-1}).limit(6) [ RunTime:0.0003s ]
INFO: [ view_parse ] --START--
INFO: [ template_filter ] --START--
INFO: Run Behavior\ContentReplaceBehavior [ RunTime:0.000308s ]
INFO: [ template_filter ] --END-- [ RunTime:0.000531s ]
INFO: Run Behavior\ParseTemplateBehavior [ RunTime:0.033695s ]
INFO: [ view_parse ] --END-- [ RunTime:0.033894s ]
INFO: [ view_filter ] --START--
INFO: Run Behavior\WriteHtmlCacheBehavior [ RunTime:0.000327s ]
INFO: [ view_filter ] --END-- [ RunTime:0.000495s ]
INFO: [ app_end ] --START--
INFO: Run Behavior\ShowPageTraceBehavior [ RunTime:0.001049s ]
INFO: [ app_end ] --END-- [ RunTime:0.001463s ]

[ 2015-05-30T19:37:42+08:00 ] 192.168.56.1 /
INFO: [ app_init ] --START--
INFO: Run Behavior\BuildLiteBehavior [ RunTime:0.000057s ]
INFO: [ app_init ] --END-- [ RunTime:0.003004s ]
INFO: [ app_begin ] --START--
INFO: Run Behavior\ReadHtmlCacheBehavior [ RunTime:0.001941s ]
INFO: [ app_begin ] --END-- [ RunTime:0.002119s ]
NOTIC: [2048] Declaration of Think\Model\MongoModel::setInc() should be compatible with Think\Model::setInc($field, $step = 1, $lazyTime = 0) /home/work/code/jingjixueren/ThinkPHP/Library/Think/Model/MongoModel.class.php 第 17 行.
NOTIC: [2048] Declaration of Think\Model\MongoModel::setDec() should be compatible with Think\Model::setDec($field, $step = 1, $lazyTime = 0) /home/work/code/jingjixueren/ThinkPHP/Library/Think/Model/MongoModel.class.php 第 17 行.
NOTIC: [2048] Declaration of Think\Db\Driver\Mongo::connect() should be compatible with Think\Db\Driver::connect($config = '', $linkNum = 0, $autoConnection = false) /home/work/code/jingjixueren/ThinkPHP/Library/Think/Db/Driver/Mongo.class.php 第 18 行.
NOTIC: [2048] Declaration of Think\Db\Driver\Mongo::insertAll() should be compatible with Think\Db\Driver::insertAll($dataSet, $options = Array, $replace = false) /home/work/code/jingjixueren/ThinkPHP/Library/Think/Db/Driver/Mongo.class.php 第 18 行.
SQL: jingjixueren.getCollection(jingjixueren) [ RunTime:0.0003s ]
SQL: jingjixueren.jingjixueren.count() [ RunTime:0.0818s ]
SQL: jingjixueren.jingjixueren.find({}).sort({"time":-1}).limit(6) [ RunTime:0.0475s ]
INFO: [ view_parse ] --START--
INFO: [ template_filter ] --START--
INFO: Run Behavior\ContentReplaceBehavior [ RunTime:0.000230s ]
INFO: [ template_filter ] --END-- [ RunTime:0.000509s ]
INFO: Run Behavior\ParseTemplateBehavior [ RunTime:0.313643s ]
INFO: [ view_parse ] --END-- [ RunTime:0.313945s ]
INFO: [ view_filter ] --START--
INFO: Run Behavior\WriteHtmlCacheBehavior [ RunTime:0.018253s ]
INFO: [ view_filter ] --END-- [ RunTime:0.018606s ]
INFO: [ app_end ] --START--
INFO: Run Behavior\ShowPageTraceBehavior [ RunTime:0.003467s ]
INFO: [ app_end ] --END-- [ RunTime:0.003621s ]

[ 2015-05-30T19:39:55+08:00 ] 192.168.56.1 /
INFO: [ app_init ] --START--
INFO: Run Behavior\BuildLiteBehavior [ RunTime:0.000092s ]
INFO: [ app_init ] --END-- [ RunTime:0.001563s ]
INFO: [ app_begin ] --START--
INFO: Run Behavior\ReadHtmlCacheBehavior [ RunTime:0.002589s ]
INFO: [ app_begin ] --END-- [ RunTime:0.003247s ]
NOTIC: [2048] Declaration of Think\Model\MongoModel::setInc() should be compatible with Think\Model::setInc($field, $step = 1, $lazyTime = 0) /home/work/code/jingjixueren/ThinkPHP/Library/Think/Model/MongoModel.class.php 第 17 行.
NOTIC: [2048] Declaration of Think\Model\MongoModel::setDec() should be compatible with Think\Model::setDec($field, $step = 1, $lazyTime = 0) /home/work/code/jingjixueren/ThinkPHP/Library/Think/Model/MongoModel.class.php 第 17 行.
NOTIC: [2048] Declaration of Think\Db\Driver\Mongo::connect() should be compatible with Think\Db\Driver::connect($config = '', $linkNum = 0, $autoConnection = false) /home/work/code/jingjixueren/ThinkPHP/Library/Think/Db/Driver/Mongo.class.php 第 18 行.
NOTIC: [2048] Declaration of Think\Db\Driver\Mongo::insertAll() should be compatible with Think\Db\Driver::insertAll($dataSet, $options = Array, $replace = false) /home/work/code/jingjixueren/ThinkPHP/Library/Think/Db/Driver/Mongo.class.php 第 18 行.
SQL: jingjixueren.getCollection(jingjixueren) [ RunTime:0.0148s ]
SQL: jingjixueren.jingjixueren.count() [ RunTime:0.0966s ]
SQL: jingjixueren.jingjixueren.find({}).sort({"time":-1}).limit(6) [ RunTime:0.1054s ]
INFO: [ view_parse ] --START--
INFO: [ template_filter ] --START--
INFO: Run Behavior\ContentReplaceBehavior [ RunTime:0.000042s ]
INFO: [ template_filter ] --END-- [ RunTime:0.000386s ]
INFO: Run Behavior\ParseTemplateBehavior [ RunTime:0.365916s ]
INFO: [ view_parse ] --END-- [ RunTime:0.366349s ]
INFO: [ view_filter ] --START--
INFO: Run Behavior\WriteHtmlCacheBehavior [ RunTime:0.008489s ]
INFO: [ view_filter ] --END-- [ RunTime:0.008693s ]
INFO: [ app_end ] --START--
INFO: Run Behavior\ShowPageTraceBehavior [ RunTime:0.004568s ]
INFO: [ app_end ] --END-- [ RunTime:0.004746s ]

[ 2015-05-30T19:40:35+08:00 ] 192.168.56.1 /
INFO: [ app_init ] --START--
INFO: Run Behavior\BuildLiteBehavior [ RunTime:0.000104s ]
INFO: [ app_init ] --END-- [ RunTime:0.001875s ]
INFO: [ app_begin ] --START--
INFO: Run Behavior\ReadHtmlCacheBehavior [ RunTime:0.002537s ]
INFO: [ app_begin ] --END-- [ RunTime:0.002745s ]
NOTIC: [2048] Declaration of Think\Model\MongoModel::setInc() should be compatible with Think\Model::setInc($field, $step = 1, $lazyTime = 0) /home/work/code/jingjixueren/ThinkPHP/Library/Think/Model/MongoModel.class.php 第 17 行.
NOTIC: [2048] Declaration of Think\Model\MongoModel::setDec() should be compatible with Think\Model::setDec($field, $step = 1, $lazyTime = 0) /home/work/code/jingjixueren/ThinkPHP/Library/Think/Model/MongoModel.class.php 第 17 行.
NOTIC: [2048] Declaration of Think\Db\Driver\Mongo::connect() should be compatible with Think\Db\Driver::connect($config = '', $linkNum = 0, $autoConnection = false) /home/work/code/jingjixueren/ThinkPHP/Library/Think/Db/Driver/Mongo.class.php 第 18 行.
NOTIC: [2048] Declaration of Think\Db\Driver\Mongo::insertAll() should be compatible with Think\Db\Driver::insertAll($dataSet, $options = Array, $replace = false) /home/work/code/jingjixueren/ThinkPHP/Library/Think/Db/Driver/Mongo.class.php 第 18 行.
SQL: jingjixueren.getCollection(jingjixueren) [ RunTime:0.0002s ]
SQL: jingjixueren.jingjixueren.count() [ RunTime:0.1088s ]
SQL: jingjixueren.jingjixueren.find({}).sort({"time":-1}).limit(6) [ RunTime:0.0203s ]
INFO: [ view_parse ] --START--
INFO: [ template_filter ] --START--
INFO: Run Behavior\ContentReplaceBehavior [ RunTime:0.000271s ]
INFO: [ template_filter ] --END-- [ RunTime:0.000878s ]
INFO: Run Behavior\ParseTemplateBehavior [ RunTime:0.221156s ]
INFO: [ view_parse ] --END-- [ RunTime:0.221394s ]
INFO: [ view_filter ] --START--
INFO: Run Behavior\WriteHtmlCacheBehavior [ RunTime:0.008480s ]
INFO: [ view_filter ] --END-- [ RunTime:0.008646s ]
INFO: [ app_end ] --START--
INFO: Run Behavior\ShowPageTraceBehavior [ RunTime:0.002704s ]
INFO: [ app_end ] --END-- [ RunTime:0.003021s ]

[ 2015-05-30T19:40:52+08:00 ] 192.168.56.1 /
INFO: [ app_init ] --START--
INFO: Run Behavior\BuildLiteBehavior [ RunTime:0.000055s ]
INFO: [ app_init ] --END-- [ RunTime:0.003003s ]
INFO: [ app_begin ] --START--
INFO: Run Behavior\ReadHtmlCacheBehavior [ RunTime:0.002380s ]
INFO: [ app_begin ] --END-- [ RunTime:0.002603s ]
NOTIC: [2048] Declaration of Think\Model\MongoModel::setInc() should be compatible with Think\Model::setInc($field, $step = 1, $lazyTime = 0) /home/work/code/jingjixueren/ThinkPHP/Library/Think/Model/MongoModel.class.php 第 17 行.
NOTIC: [2048] Declaration of Think\Model\MongoModel::setDec() should be compatible with Think\Model::setDec($field, $step = 1, $lazyTime = 0) /home/work/code/jingjixueren/ThinkPHP/Library/Think/Model/MongoModel.class.php 第 17 行.
NOTIC: [2048] Declaration of Think\Db\Driver\Mongo::connect() should be compatible with Think\Db\Driver::connect($config = '', $linkNum = 0, $autoConnection = false) /home/work/code/jingjixueren/ThinkPHP/Library/Think/Db/Driver/Mongo.class.php 第 18 行.
NOTIC: [2048] Declaration of Think\Db\Driver\Mongo::insertAll() should be compatible with Think\Db\Driver::insertAll($dataSet, $options = Array, $replace = false) /home/work/code/jingjixueren/ThinkPHP/Library/Think/Db/Driver/Mongo.class.php 第 18 行.
SQL: jingjixueren.getCollection(jingjixueren) [ RunTime:0.0255s ]
SQL: jingjixueren.jingjixueren.count() [ RunTime:0.0964s ]
SQL: jingjixueren.jingjixueren.find({}).sort({"time":-1}).limit(6) [ RunTime:0.0153s ]
INFO: [ view_parse ] --START--
INFO: [ template_filter ] --START--
INFO: Run Behavior\ContentReplaceBehavior [ RunTime:0.000255s ]
INFO: [ template_filter ] --END-- [ RunTime:0.000416s ]
INFO: Run Behavior\ParseTemplateBehavior [ RunTime:0.249582s ]
INFO: [ view_parse ] --END-- [ RunTime:0.249993s ]
INFO: [ view_filter ] --START--
INFO: Run Behavior\WriteHtmlCacheBehavior [ RunTime:0.008370s ]
INFO: [ view_filter ] --END-- [ RunTime:0.008503s ]
INFO: [ app_end ] --START--
INFO: Run Behavior\ShowPageTraceBehavior [ RunTime:0.004730s ]
INFO: [ app_end ] --END-- [ RunTime:0.004888s ]

[ 2015-05-30T22:43:41+08:00 ] 192.168.56.1 /
INFO: [ app_init ] --START--
INFO: Run Behavior\BuildLiteBehavior [ RunTime:0.000042s ]
INFO: [ app_init ] --END-- [ RunTime:0.031443s ]
INFO: [ app_begin ] --START--
INFO: Run Behavior\ReadHtmlCacheBehavior [ RunTime:0.038047s ]
INFO: [ app_begin ] --END-- [ RunTime:0.038259s ]
NOTIC: [2048] Declaration of Think\Model\MongoModel::setInc() should be compatible with Think\Model::setInc($field, $step = 1, $lazyTime = 0) /home/work/code/jingjixueren/ThinkPHP/Library/Think/Model/MongoModel.class.php 第 17 行.
NOTIC: [2048] Declaration of Think\Model\MongoModel::setDec() should be compatible with Think\Model::setDec($field, $step = 1, $lazyTime = 0) /home/work/code/jingjixueren/ThinkPHP/Library/Think/Model/MongoModel.class.php 第 17 行.
NOTIC: [2048] Declaration of Think\Db\Driver\Mongo::connect() should be compatible with Think\Db\Driver::connect($config = '', $linkNum = 0, $autoConnection = false) /home/work/code/jingjixueren/ThinkPHP/Library/Think/Db/Driver/Mongo.class.php 第 18 行.
NOTIC: [2048] Declaration of Think\Db\Driver\Mongo::insertAll() should be compatible with Think\Db\Driver::insertAll($dataSet, $options = Array, $replace = false) /home/work/code/jingjixueren/ThinkPHP/Library/Think/Db/Driver/Mongo.class.php 第 18 行.
SQL: jingjixueren.getCollection(jingjixueren) [ RunTime:0.0027s ]
SQL: jingjixueren.jingjixueren.count() [ RunTime:0.5918s ]
SQL: jingjixueren.jingjixueren.find({}).sort({"time":-1}).limit(6) [ RunTime:0.0139s ]
INFO: [ view_parse ] --START--
INFO: [ template_filter ] --START--
INFO: Run Behavior\ContentReplaceBehavior [ RunTime:0.000904s ]
INFO: [ template_filter ] --END-- [ RunTime:0.001681s ]
INFO: Run Behavior\ParseTemplateBehavior [ RunTime:0.811413s ]
INFO: [ view_parse ] --END-- [ RunTime:0.812183s ]
INFO: [ view_filter ] --START--
INFO: Run Behavior\WriteHtmlCacheBehavior [ RunTime:0.012771s ]
INFO: [ view_filter ] --END-- [ RunTime:0.012872s ]
INFO: [ app_end ] --START--
INFO: Run Behavior\ShowPageTraceBehavior [ RunTime:0.040148s ]
INFO: [ app_end ] --END-- [ RunTime:0.040311s ]

[ 2015-05-30T22:43:55+08:00 ] 192.168.56.1 /
INFO: [ app_init ] --START--
INFO: Run Behavior\BuildLiteBehavior [ RunTime:0.000046s ]
INFO: [ app_init ] --END-- [ RunTime:0.030556s ]
INFO: [ app_begin ] --START--
INFO: Run Behavior\ReadHtmlCacheBehavior [ RunTime:0.070437s ]
INFO: [ app_begin ] --END-- [ RunTime:0.116111s ]
NOTIC: [2048] Declaration of Think\Model\MongoModel::setInc() should be compatible with Think\Model::setInc($field, $step = 1, $lazyTime = 0) /home/work/code/jingjixueren/ThinkPHP/Library/Think/Model/MongoModel.class.php 第 17 行.
NOTIC: [2048] Declaration of Think\Model\MongoModel::setDec() should be compatible with Think\Model::setDec($field, $step = 1, $lazyTime = 0) /home/work/code/jingjixueren/ThinkPHP/Library/Think/Model/MongoModel.class.php 第 17 行.
NOTIC: [2048] Declaration of Think\Db\Driver\Mongo::connect() should be compatible with Think\Db\Driver::connect($config = '', $linkNum = 0, $autoConnection = false) /home/work/code/jingjixueren/ThinkPHP/Library/Think/Db/Driver/Mongo.class.php 第 18 行.
NOTIC: [2048] Declaration of Think\Db\Driver\Mongo::insertAll() should be compatible with Think\Db\Driver::insertAll($dataSet, $options = Array, $replace = false) /home/work/code/jingjixueren/ThinkPHP/Library/Think/Db/Driver/Mongo.class.php 第 18 行.
SQL: jingjixueren.getCollection(jingjixueren) [ RunTime:0.0009s ]
SQL: jingjixueren.jingjixueren.count() [ RunTime:0.2347s ]
SQL: jingjixueren.jingjixueren.find({}).sort({"time":-1}).limit(6) [ RunTime:0.0277s ]
INFO: [ view_parse ] --START--
INFO: [ template_filter ] --START--
INFO: Run Behavior\ContentReplaceBehavior [ RunTime:0.000235s ]
INFO: [ template_filter ] --END-- [ RunTime:0.000503s ]
INFO: Run Behavior\ParseTemplateBehavior [ RunTime:1.280946s ]
INFO: [ view_parse ] --END-- [ RunTime:1.281090s ]
INFO: [ view_filter ] --START--
INFO: Run Behavior\WriteHtmlCacheBehavior [ RunTime:0.026249s ]
INFO: [ view_filter ] --END-- [ RunTime:0.026410s ]

[ 2015-05-30T22:56:07+08:00 ] 192.168.56.1 /
INFO: [ app_init ] --START--
INFO: Run Behavior\BuildLiteBehavior [ RunTime:0.000019s ]
INFO: [ app_init ] --END-- [ RunTime:0.000618s ]
INFO: [ app_begin ] --START--
INFO: Run Behavior\ReadHtmlCacheBehavior [ RunTime:0.001057s ]
INFO: [ app_begin ] --END-- [ RunTime:0.001178s ]
NOTIC: [2048] Declaration of Think\Model\MongoModel::setInc() should be compatible with Think\Model::setInc($field, $step = 1, $lazyTime = 0) /home/work/code/jingjixueren/ThinkPHP/Library/Think/Model/MongoModel.class.php 第 17 行.
NOTIC: [2048] Declaration of Think\Model\MongoModel::setDec() should be compatible with Think\Model::setDec($field, $step = 1, $lazyTime = 0) /home/work/code/jingjixueren/ThinkPHP/Library/Think/Model/MongoModel.class.php 第 17 行.
NOTIC: [2048] Declaration of Think\Db\Driver\Mongo::connect() should be compatible with Think\Db\Driver::connect($config = '', $linkNum = 0, $autoConnection = false) /home/work/code/jingjixueren/ThinkPHP/Library/Think/Db/Driver/Mongo.class.php 第 18 行.
NOTIC: [2048] Declaration of Think\Db\Driver\Mongo::insertAll() should be compatible with Think\Db\Driver::insertAll($dataSet, $options = Array, $replace = false) /home/work/code/jingjixueren/ThinkPHP/Library/Think/Db/Driver/Mongo.class.php 第 18 行.
SQL: jingjixueren.getCollection(jingjixueren) [ RunTime:0.0001s ]
SQL: jingjixueren.jingjixueren.count() [ RunTime:0.0004s ]
SQL: jingjixueren.jingjixueren.find({}).sort({"time":-1}).limit(6) [ RunTime:0.0000s ]
INFO: [ view_parse ] --START--
INFO: [ template_filter ] --START--
INFO: Run Behavior\ContentReplaceBehavior [ RunTime:0.000108s ]
INFO: [ template_filter ] --END-- [ RunTime:0.000180s ]
INFO: Run Behavior\ParseTemplateBehavior [ RunTime:0.162176s ]
INFO: [ view_parse ] --END-- [ RunTime:0.162469s ]
INFO: [ view_filter ] --START--
INFO: Run Behavior\WriteHtmlCacheBehavior [ RunTime:0.007605s ]
INFO: [ view_filter ] --END-- [ RunTime:0.007714s ]
INFO: [ app_end ] --START--
INFO: Run Behavior\ShowPageTraceBehavior [ RunTime:0.001904s ]
INFO: [ app_end ] --END-- [ RunTime:0.001935s ]

